[2024-07-31 16:37:41 -0600] 
[2024-07-31 16:37:41 -0600] pyEGA3 - EGA python client version 5.2.0 (https://github.com/EGA-archive/ega-download-client)
[2024-07-31 16:37:41 -0600] Parts of this software are derived from pyEGA (https://github.com/blachlylab/pyega) by James Blachly
[2024-07-31 16:37:41 -0600] Python version : 3.12.4
[2024-07-31 16:37:41 -0600] OS version : Linux #1 SMP Wed Jul 21 11:57:15 UTC 2021
[2024-07-31 16:37:41 -0600] Server URL: https://ega.ebi.ac.uk:8443/v2
[2024-07-31 16:37:41 -0600] Session-Id: 1116085463
[2024-07-31 16:37:41 -0600] Starting new HTTPS connection (1): ipinfo.io:443
[2024-07-31 16:37:41 -0600] https://ipinfo.io:443 "GET /json HTTP/11" 200 197
[2024-07-31 16:37:41 -0600] Starting new HTTPS connection (1): ega.ebi.ac.uk:8443
[2024-07-31 16:37:42 -0600] https://ega.ebi.ac.uk:8443 "POST /ega-openid-connect-server/token HTTP/11" 200 None
[2024-07-31 16:37:42 -0600] 
[2024-07-31 16:37:42 -0600] Authentication success for user 'ega-test-data@ebi.ac.uk'
[2024-07-31 16:37:42 -0600] Starting new HTTPS connection (1): ega.ebi.ac.uk:8443
[2024-07-31 16:37:43 -0600] https://ega.ebi.ac.uk:8443 "GET /v2/metadata/datasets HTTP/11" 200 None
[2024-07-31 16:37:43 -0600] Request URL : https://ega.ebi.ac.uk:8443/v2/metadata/datasets
[2024-07-31 16:37:43 -0600] Response    :
 [
    {
        "datasetId": "EGAD00001003338",
        "description": "GA4GH data stream test dataset",
        "dacStableId": "EGAC00001000514"
    },
    {
        "datasetId": "EGAD00001008392",
        "description": "Rare Disease Synthetic Dataset",
        "dacStableId": "EGAC00001000514"
    },
    {
        "datasetId": "EGAD00001009826",
        "description": "Test dataset with ligh-weight files",
        "dacStableId": "EGAC00001000514"
    },
    {
        "datasetId": "EGAD00001006673",
        "description": "CINECA Synthetic Dataset referencing fake samples",
        "dacStableId": "EGAC00001000514"
    }
]
[2024-07-31 16:37:43 -0600] Dataset ID
[2024-07-31 16:37:43 -0600] -----------------
[2024-07-31 16:37:43 -0600] EGAD00001003338
[2024-07-31 16:37:43 -0600] EGAD00001008392
[2024-07-31 16:37:43 -0600] EGAD00001009826
[2024-07-31 16:37:43 -0600] EGAD00001006673
[2024-07-31 16:40:58 -0600] 
[2024-07-31 16:40:58 -0600] pyEGA3 - EGA python client version 5.2.0 (https://github.com/EGA-archive/ega-download-client)
[2024-07-31 16:40:58 -0600] Parts of this software are derived from pyEGA (https://github.com/blachlylab/pyega) by James Blachly
[2024-07-31 16:40:58 -0600] Python version : 3.12.4
[2024-07-31 16:40:58 -0600] OS version : Linux #1 SMP Wed Jul 21 11:57:15 UTC 2021
[2024-07-31 16:40:58 -0600] Server URL: https://ega.ebi.ac.uk:8443/v2
[2024-07-31 16:40:58 -0600] Session-Id: 638364424
[2024-07-31 16:40:59 -0600] 
[2024-07-31 16:40:59 -0600] Authentication success for user 'laurel.hiatt@hsc.utah.edu'
[2024-07-31 16:41:01 -0600] Dataset ID
[2024-07-31 16:41:01 -0600] -----------------
[2024-07-31 16:41:01 -0600] EGAD00001010124
[2024-07-31 16:41:01 -0600] EGAD00001010125
[2024-07-31 16:41:01 -0600] EGAD00001000444
[2024-07-31 16:41:01 -0600] EGAD00001000324
[2024-07-31 16:41:01 -0600] EGAD00001001898
[2024-07-31 16:41:01 -0600] EGAD00001000325
[2024-07-31 16:41:01 -0600] EGAD00001000205
[2024-07-31 16:41:01 -0600] EGAD00001010122
[2024-07-31 16:41:01 -0600] EGAD00001010123
[2024-07-31 16:41:01 -0600] EGAD00001000333
[2024-07-31 16:41:01 -0600] EGAD00001001427
[2024-07-31 16:41:01 -0600] EGAD00001000338
[2024-07-31 16:41:01 -0600] EGAD00001001428
[2024-07-31 16:41:01 -0600] EGAD00001000339
[2024-07-31 16:41:01 -0600] EGAD00001001429
[2024-07-31 16:41:01 -0600] EGAD00001001426
[2024-07-31 16:41:01 -0600] EGAD00001000337
[2024-07-31 16:41:01 -0600] EGAD00001001430
[2024-07-31 16:41:01 -0600] EGAD00001000100
[2024-07-31 16:41:01 -0600] EGAD00001000101
[2024-07-31 16:41:01 -0600] EGAD00001004941
[2024-07-31 16:41:01 -0600] EGAD00001000349
[2024-07-31 16:41:01 -0600] EGAD00001000104
[2024-07-31 16:41:01 -0600] EGAD00001000226
[2024-07-31 16:41:01 -0600] EGAD00001005919
[2024-07-31 16:41:01 -0600] EGAD00001005920
[2024-07-31 16:41:01 -0600] EGAD00001005921
[2024-07-31 16:41:01 -0600] EGAD00001000111
[2024-07-31 16:41:01 -0600] EGAD00001004953
[2024-07-31 16:41:01 -0600] EGAD00001000354
[2024-07-31 16:41:01 -0600] EGAD00001000112
[2024-07-31 16:41:01 -0600] EGAD00001000350
[2024-07-31 16:41:01 -0600] EGAD00001001208
[2024-07-31 16:41:01 -0600] EGAD00001000119
[2024-07-31 16:41:01 -0600] EGAD00001005924
[2024-07-31 16:41:01 -0600] EGAD00001001445
[2024-07-31 16:41:01 -0600] EGAD00001005925
[2024-07-31 16:41:01 -0600] EGAD00001004954
[2024-07-31 16:41:01 -0600] EGAD00001001446
[2024-07-31 16:41:01 -0600] EGAD00001005922
[2024-07-31 16:41:01 -0600] EGAD00001001447
[2024-07-31 16:41:01 -0600] EGAD00001000116
[2024-07-31 16:41:01 -0600] EGAD00010000395
[2024-07-31 16:41:01 -0600] EGAD00001005923
[2024-07-31 16:41:01 -0600] EGAD00001001448
[2024-07-31 16:41:01 -0600] EGAD00001000359
[2024-07-31 16:41:01 -0600] EGAD00001007038
[2024-07-31 16:41:01 -0600] EGAD00001007037
[2024-07-31 16:41:01 -0600] EGAD00001000888
[2024-07-31 16:41:01 -0600] EGAD00001000889
[2024-07-31 16:41:01 -0600] EGAD00001006194
[2024-07-31 16:41:01 -0600] EGAD00001013727
[2024-07-31 16:41:01 -0600] EGAD00001013726
[2024-07-31 16:41:01 -0600] EGAD00001000894
[2024-07-31 16:41:01 -0600] EGAD00001000652
[2024-07-31 16:41:01 -0600] EGAD00001000899
[2024-07-31 16:41:01 -0600] EGAD00001003924
[2024-07-31 16:41:01 -0600] EGAD00001000658
[2024-07-31 16:41:01 -0600] EGAD00001003923
[2024-07-31 16:41:01 -0600] EGAD00001000898
[2024-07-31 16:41:01 -0600] EGAD00001001629
[2024-07-31 16:41:01 -0600] EGAD00001006088
[2024-07-31 16:41:01 -0600] EGAD00001010109
[2024-07-31 16:41:01 -0600] EGAD00001006083
[2024-07-31 16:41:01 -0600] EGAD00001001872
[2024-07-31 16:41:01 -0600] EGAD00001001873
[2024-07-31 16:41:01 -0600] EGAD00001000663
[2024-07-31 16:41:01 -0600] EGAD00001008029
[2024-07-31 16:41:01 -0600] EGAD00001001879
[2024-07-31 16:41:01 -0600] EGAD00001003811
[2024-07-31 16:41:01 -0600] EGAD00001000301
[2024-07-31 16:41:01 -0600] EGAD00001000302
[2024-07-31 16:41:01 -0600] EGAD00001010115
[2024-07-31 16:41:01 -0600] EGAD00001010116
[2024-07-31 16:41:01 -0600] EGAD00001010113
[2024-07-31 16:41:01 -0600] EGAD00001010114
[2024-07-31 16:41:01 -0600] EGAD00001008032
[2024-07-31 16:41:01 -0600] EGAD00001008030
[2024-07-31 16:41:01 -0600] EGAD00001010117
[2024-07-31 16:41:01 -0600] EGAD00001001889
[2024-07-31 16:41:01 -0600] EGAD00001003703
[2024-07-31 16:41:01 -0600] EGAD00001000678
[2024-07-31 16:41:01 -0600] EGAD00001008281
[2024-07-31 16:41:01 -0600] EGAD00001010111
[2024-07-31 16:41:01 -0600] EGAD00001010112
[2024-07-31 16:41:01 -0600] EGAD00001010110
[2024-07-31 16:41:01 -0600] EGAD00001005296
[2024-07-31 16:41:01 -0600] EGAD00001005297
[2024-07-31 16:41:01 -0600] EGAD00001004087
[2024-07-31 16:41:01 -0600] EGAD00001004086
[2024-07-31 16:41:01 -0600] EGAD00001010889
[2024-07-31 16:41:01 -0600] EGAD00001010887
[2024-07-31 16:41:01 -0600] EGAD00001010888
[2024-07-31 16:41:01 -0600] EGAD00001000965
[2024-07-31 16:41:01 -0600] EGAD00001000847
[2024-07-31 16:41:01 -0600] EGAD00001000848
[2024-07-31 16:41:01 -0600] EGAD00001000606
[2024-07-31 16:41:01 -0600] EGAD00001009666
[2024-07-31 16:41:01 -0600] EGAD00001006392
[2024-07-31 16:41:01 -0600] EGAD00001008339
[2024-07-31 16:41:01 -0600] EGAD00001001947
[2024-07-31 16:41:01 -0600] EGAD00001000732
[2024-07-31 16:41:01 -0600] EGAD00001001948
[2024-07-31 16:41:01 -0600] EGAD00001010890
[2024-07-31 16:41:01 -0600] EGAD00001005193
[2024-07-31 16:41:01 -0600] EGAD00001006162
[2024-07-31 16:41:01 -0600] EGAD00001000980
[2024-07-31 16:41:01 -0600] EGAD00001008107
[2024-07-31 16:41:01 -0600] EGAD00001008469
[2024-07-31 16:41:01 -0600] EGAD00001005079
[2024-07-31 16:41:01 -0600] EGAD00001000624
[2024-07-31 16:41:01 -0600] EGAD00001000868
[2024-07-31 16:41:01 -0600] EGAD00001000747
[2024-07-31 16:41:01 -0600] EGAD00001000869
[2024-07-31 16:41:01 -0600] EGAD00001005080
[2024-07-31 16:41:01 -0600] EGAD00001011645
[2024-07-31 16:41:01 -0600] EGAD00001006056
[2024-07-31 16:41:01 -0600] EGAD00001006296
[2024-07-31 16:41:01 -0600] EGAD00001011646
[2024-07-31 16:41:01 -0600] EGAD00001008470
[2024-07-31 16:41:01 -0600] EGAD00001005081
[2024-07-31 16:41:01 -0600] EGAD00001011647
[2024-07-31 16:41:01 -0600] EGAD00001005082
[2024-07-31 16:41:01 -0600] EGAD00001000990
[2024-07-31 16:41:01 -0600] EGAD00001000870
[2024-07-31 16:41:01 -0600] EGAD00001000871
[2024-07-31 16:41:01 -0600] EGAD00001000872
[2024-07-31 16:41:01 -0600] EGAD00001000630
[2024-07-31 16:41:01 -0600] EGAD00001001845
[2024-07-31 16:41:01 -0600] EGAD00001000998
[2024-07-31 16:41:01 -0600] EGAD00001000635
[2024-07-31 16:41:01 -0600] EGAD00001001846
[2024-07-31 16:41:01 -0600] EGAD00001000636
[2024-07-31 16:41:01 -0600] EGAD00001000637
[2024-07-31 16:41:01 -0600] EGAD00001000638
[2024-07-31 16:41:01 -0600] EGAD00001001600
[2024-07-31 16:41:01 -0600] EGAD00001000875
[2024-07-31 16:41:01 -0600] EGAD00001000634
[2024-07-31 16:41:01 -0600] EGAD00001000639
[2024-07-31 16:41:01 -0600] EGAD00001005252
[2024-07-31 16:41:01 -0600] EGAD00001004162
[2024-07-31 16:41:01 -0600] EGAD00001006342
[2024-07-31 16:41:01 -0600] EGAD00001005495
[2024-07-31 16:41:01 -0600] EGAD00001005372
[2024-07-31 16:41:01 -0600] EGAD00001004163
[2024-07-31 16:41:01 -0600] EGAD00001005135
[2024-07-31 16:41:01 -0600] EGAD00010001911
[2024-07-31 16:41:01 -0600] EGAD00001005136
[2024-07-31 16:41:01 -0600] EGAD00001008764
[2024-07-31 16:41:01 -0600] EGAD00001005134
[2024-07-31 16:41:01 -0600] EGAD00001007684
[2024-07-31 16:41:01 -0600] EGAD00001007683
[2024-07-31 16:41:01 -0600] EGAD00001006595
[2024-07-31 16:41:01 -0600] EGAD00001007682
[2024-07-31 16:41:01 -0600] EGAD00001006591
[2024-07-31 16:41:01 -0600] EGAD00001004292
[2024-07-31 16:41:01 -0600] EGAD00001006116
[2024-07-31 16:41:01 -0600] EGAD00001006117
[2024-07-31 16:41:01 -0600] EGAD00001005028
[2024-07-31 16:41:01 -0600] EGAD00001006114
[2024-07-31 16:41:01 -0600] EGAD00001006115
[2024-07-31 16:41:01 -0600] EGAD00001006113
[2024-07-31 16:41:01 -0600] EGAD00001000812
[2024-07-31 16:41:01 -0600] EGAD00001006363
[2024-07-31 16:41:01 -0600] EGAD00001008781
[2024-07-31 16:41:01 -0600] EGAD00001000824
[2024-07-31 16:41:01 -0600] EGAD00001000825
[2024-07-31 16:41:01 -0600] EGAD00001000947
[2024-07-31 16:41:01 -0600] EGAD00001000948
[2024-07-31 16:41:01 -0600] EGAD00001000707
[2024-07-31 16:41:01 -0600] EGAD00001010874
[2024-07-31 16:41:01 -0600] EGAD00001010872
[2024-07-31 16:41:01 -0600] EGAD00001004193
[2024-07-31 16:41:01 -0600] EGAD00001004192
[2024-07-31 16:41:01 -0600] EGAD00001009760
[2024-07-31 16:41:01 -0600] EGAD00001009641
[2024-07-31 16:41:01 -0600] EGAD00001006255
[2024-07-31 16:41:01 -0600] EGAD00001009642
[2024-07-31 16:41:01 -0600] EGAD00001010871
[2024-07-31 16:41:01 -0600] EGAD00001009812
[2024-07-31 16:41:01 -0600] EGAD00001009813
[2024-07-31 16:41:01 -0600] EGAD00001001090
[2024-07-31 16:41:01 -0600] EGAD00001004368
[2024-07-31 16:41:01 -0600] EGAD00001006427
[2024-07-31 16:41:01 -0600] EGAD00001010924
[2024-07-31 16:41:01 -0600] EGAD00001006424
[2024-07-31 16:41:01 -0600] EGAD00001005214
[2024-07-31 16:41:01 -0600] EGAD00001007997
[2024-07-31 16:41:01 -0600] EGAD00001004001
[2024-07-31 16:41:01 -0600] EGAD00001006423
[2024-07-31 16:41:01 -0600] EGAD00001004000
[2024-07-31 16:41:01 -0600] EGAD00001002065
[2024-07-31 16:41:01 -0600] EGAD00001007510
[2024-07-31 16:41:01 -0600] EGAD00001004124
[2024-07-31 16:41:01 -0600] EGAD00001002066
[2024-07-31 16:41:01 -0600] EGAD00001015251
[2024-07-31 16:41:01 -0600] EGAD00001015252
[2024-07-31 16:41:01 -0600] EGAD00001015378
[2024-07-31 16:41:01 -0600] EGAD00001015379
[2024-07-31 16:41:01 -0600] EGAD00001015376
[2024-07-31 16:41:01 -0600] EGAD00001015377
[2024-07-31 16:41:01 -0600] EGAD00001005234
[2024-07-31 16:41:01 -0600] EGAD00001005232
[2024-07-31 16:41:01 -0600] EGAD00001005233
[2024-07-31 16:41:01 -0600] EGAD00001005000
[2024-07-31 16:41:01 -0600] EGAD00001004152
[2024-07-31 16:41:01 -0600] EGAD00001009848
[2024-07-31 16:41:01 -0600] EGAD00001006459
[2024-07-31 16:41:01 -0600] EGAD00001004159
[2024-07-31 16:41:01 -0600] EGAD00001004158
[2024-07-31 16:41:01 -0600] EGAD00001006337
[2024-07-31 16:41:01 -0600] EGAD00001005001
[2024-07-31 16:41:01 -0600] EGAD00001006212
[2024-07-31 16:41:01 -0600] EGAD00001000080
[2024-07-31 16:41:01 -0600] EGAD00001005770
[2024-07-31 16:41:01 -0600] EGAD00001000081
[2024-07-31 16:41:01 -0600] EGAD00001001050
[2024-07-31 16:41:01 -0600] EGAD00001000082
[2024-07-31 16:41:01 -0600] EGAD00001007714
[2024-07-31 16:41:01 -0600] EGAD00001004203
[2024-07-31 16:41:01 -0600] EGAD00001004202
[2024-07-31 16:41:01 -0600] EGAD00001000089
[2024-07-31 16:41:01 -0600] EGAD00001000084
[2024-07-31 16:41:01 -0600] EGAD00001004201
[2024-07-31 16:41:01 -0600] EGAD00001011090
[2024-07-31 16:41:01 -0600] EGAD00001011093
[2024-07-31 16:41:01 -0600] EGAD00001003239
[2024-07-31 16:41:01 -0600] EGAD00001011094
[2024-07-31 16:41:01 -0600] EGAD00001011091
[2024-07-31 16:41:01 -0600] EGAD00001007958
[2024-07-31 16:41:01 -0600] EGAD00001006868
[2024-07-31 16:41:01 -0600] EGAD00001011092
[2024-07-31 16:41:01 -0600] EGAD00001007715
[2024-07-31 16:41:01 -0600] EGAD00001000091
[2024-07-31 16:41:01 -0600] EGAD00001000092
[2024-07-31 16:41:01 -0600] EGAD00001003240
[2024-07-31 16:41:01 -0600] EGAD00001001061
[2024-07-31 16:41:01 -0600] EGAD00001000093
[2024-07-31 16:41:01 -0600] EGAD00001001062
[2024-07-31 16:41:01 -0600] EGAD00001000094
[2024-07-31 16:41:01 -0600] EGAD00001000090
[2024-07-31 16:41:01 -0600] EGAD00001000099
[2024-07-31 16:41:01 -0600] EGAD00010001629
[2024-07-31 16:41:01 -0600] EGAD00001005789
[2024-07-31 16:41:01 -0600] EGAD00001005786
[2024-07-31 16:41:01 -0600] EGAD00001003248
[2024-07-31 16:41:01 -0600] EGAD00001005787
[2024-07-31 16:41:01 -0600] EGAD00001004578
[2024-07-31 16:41:01 -0600] EGAD00001005784
[2024-07-31 16:41:01 -0600] EGAD00001003242
[2024-07-31 16:41:01 -0600] EGAD00001001063
[2024-07-31 16:41:01 -0600] EGAD00001000095
[2024-07-31 16:41:01 -0600] EGAD00001005785
[2024-07-31 16:41:01 -0600] EGAD00001000097
[2024-07-31 16:41:01 -0600] EGAD00001000098
[2024-07-31 16:41:01 -0600] EGAD00001004346
[2024-07-31 16:41:01 -0600] EGAD00001005313
[2024-07-31 16:41:01 -0600] EGAD00001006642
[2024-07-31 16:41:01 -0600] EGAD00001003253
[2024-07-31 16:41:01 -0600] EGAD00001006643
[2024-07-31 16:41:01 -0600] EGAD00001005312
[2024-07-31 16:41:01 -0600] EGAD00001003252
[2024-07-31 16:41:01 -0600] EGAD00001007851
[2024-07-31 16:41:01 -0600] EGAD00001003255
[2024-07-31 16:41:01 -0600] EGAD00010000644
[2024-07-31 16:41:01 -0600] EGAD00001007971
[2024-07-31 16:41:01 -0600] EGAD00001006641
[2024-07-31 16:41:01 -0600] EGAD00001003254
[2024-07-31 16:41:01 -0600] EGAD00001015351
[2024-07-31 16:41:01 -0600] EGAD00001015352
[2024-07-31 16:41:01 -0600] EGAD00001015353
[2024-07-31 16:41:01 -0600] EGAD00001004593
[2024-07-31 16:41:01 -0600] EGAD00001002051
[2024-07-31 16:41:01 -0600] EGAD00001010913
[2024-07-31 16:41:01 -0600] EGAD00001007503
[2024-07-31 16:41:01 -0600] EGAD00001010914
[2024-07-31 16:41:01 -0600] EGAD00001015364
[2024-07-31 16:41:01 -0600] EGAD00001015365
[2024-07-31 16:41:01 -0600] EGAD00001015366
[2024-07-31 16:41:01 -0600] EGAD00001001375
[2024-07-31 16:41:01 -0600] EGAD00001000287
[2024-07-31 16:41:01 -0600] EGAD00001001014
[2024-07-31 16:41:01 -0600] EGAD00001000288
[2024-07-31 16:41:01 -0600] EGAD00001001015
[2024-07-31 16:41:01 -0600] EGAD00001000289
[2024-07-31 16:41:01 -0600] EGAD00001004889
[2024-07-31 16:41:01 -0600] EGAD00001001017
[2024-07-31 16:41:01 -0600] EGAD00001001018
[2024-07-31 16:41:01 -0600] EGAD00001002229
[2024-07-31 16:41:01 -0600] EGAD00001000050
[2024-07-31 16:41:01 -0600] EGAD00001001265
[2024-07-31 16:41:01 -0600] EGAD00001004895
[2024-07-31 16:41:01 -0600] EGAD00001004774
[2024-07-31 16:41:01 -0600] EGAD00001002234
[2024-07-31 16:41:01 -0600] EGAD00001001266
[2024-07-31 16:41:01 -0600] EGAD00001001267
[2024-07-31 16:41:01 -0600] EGAD00001003445
[2024-07-31 16:41:01 -0600] EGAD00001002236
[2024-07-31 16:41:01 -0600] EGAD00001001389
[2024-07-31 16:41:01 -0600] EGAD00001004891
[2024-07-31 16:41:01 -0600] EGAD00001003321
[2024-07-31 16:41:01 -0600] EGAD00001004893
[2024-07-31 16:41:01 -0600] EGAD00001003320
[2024-07-31 16:41:01 -0600] EGAD00001002232
[2024-07-31 16:41:01 -0600] EGAD00001000175
[2024-07-31 16:41:01 -0600] EGAD00010000452
[2024-07-31 16:41:01 -0600] EGAD00001002237
[2024-07-31 16:41:01 -0600] EGAD00001001028
[2024-07-31 16:41:01 -0600] EGAD00001005990
[2024-07-31 16:41:01 -0600] EGAD00001001271
[2024-07-31 16:41:01 -0600] EGAD00001003334
[2024-07-31 16:41:01 -0600] EGAD00001000066
[2024-07-31 16:41:01 -0600] EGAD00001000067
[2024-07-31 16:41:01 -0600] EGAD00001005995
[2024-07-31 16:41:01 -0600] EGAD00001000068
[2024-07-31 16:41:01 -0600] EGAD00001000069
[2024-07-31 16:41:01 -0600] EGAD00001005751
[2024-07-31 16:41:01 -0600] EGAD00001003330
[2024-07-31 16:41:01 -0600] EGAD00001000062
[2024-07-31 16:41:01 -0600] EGAD00001005994
[2024-07-31 16:41:01 -0600] EGAD00001005991
[2024-07-31 16:41:01 -0600] EGAD00001003332
[2024-07-31 16:41:01 -0600] EGAD00001001395
[2024-07-31 16:41:01 -0600] EGAD00001000064
[2024-07-31 16:41:01 -0600] EGAD00001005992
[2024-07-31 16:41:01 -0600] EGAD00001000065
[2024-07-31 16:41:01 -0600] EGAD00001006969
[2024-07-31 16:41:01 -0600] EGAD00001003217
[2024-07-31 16:41:01 -0600] EGAD00001004547
[2024-07-31 16:41:01 -0600] EGAD00001003216
[2024-07-31 16:41:01 -0600] EGAD00001002007
[2024-07-31 16:41:01 -0600] EGAD00001001039
[2024-07-31 16:41:01 -0600] EGAD00001002008
[2024-07-31 16:41:01 -0600] EGAD00001004428
[2024-07-31 16:41:01 -0600] EGAD00001000070
[2024-07-31 16:41:01 -0600] EGAD00001000071
[2024-07-31 16:41:01 -0600] EGAD00001000072
[2024-07-31 16:41:01 -0600] EGAD00001000077
[2024-07-31 16:41:01 -0600] EGAD00001001046
[2024-07-31 16:41:01 -0600] EGAD00001000078
[2024-07-31 16:41:01 -0600] EGAD00001006732
[2024-07-31 16:41:01 -0600] EGAD00001002015
[2024-07-31 16:41:01 -0600] EGAD00001000079
[2024-07-31 16:41:01 -0600] EGAD00001001041
[2024-07-31 16:41:01 -0600] EGAD00001000073
[2024-07-31 16:41:01 -0600] EGAD00001000074
[2024-07-31 16:41:01 -0600] EGAD00001000075
[2024-07-31 16:41:01 -0600] EGAD00001000076
[2024-07-31 16:41:01 -0600] EGAD00010000432
[2024-07-31 16:41:01 -0600] EGAD00001006859
[2024-07-31 16:41:01 -0600] EGAD00001011089
[2024-07-31 16:41:01 -0600] EGAD00001012229
[2024-07-31 16:41:01 -0600] EGAD00001000121
[2024-07-31 16:41:01 -0600] EGAD00001001453
[2024-07-31 16:41:01 -0600] EGAD00001000243
[2024-07-31 16:41:01 -0600] EGAD00001000001
[2024-07-31 16:41:01 -0600] EGAD00001000002
[2024-07-31 16:41:01 -0600] EGAD00001000245
[2024-07-31 16:41:01 -0600] EGAD00001000124
[2024-07-31 16:41:01 -0600] EGAD00001000360
[2024-07-31 16:41:01 -0600] EGAD00001001450
[2024-07-31 16:41:01 -0600] EGAD00001000361
[2024-07-31 16:41:01 -0600] EGAD00001001330
[2024-07-31 16:41:01 -0600] EGAD00001000367
[2024-07-31 16:41:01 -0600] EGAD00001000246
[2024-07-31 16:41:01 -0600] EGAD00001000125
[2024-07-31 16:41:01 -0600] EGAD00001000004
[2024-07-31 16:41:01 -0600] EGAD00001001215
[2024-07-31 16:41:01 -0600] EGAD00001000247
[2024-07-31 16:41:01 -0600] EGAD00001000005
[2024-07-31 16:41:01 -0600] EGAD00001009061
[2024-07-31 16:41:01 -0600] EGAD00001001458
[2024-07-31 16:41:01 -0600] EGAD00001000369
[2024-07-31 16:41:01 -0600] EGAD00001000248
[2024-07-31 16:41:01 -0600] EGAD00001000127
[2024-07-31 16:41:01 -0600] EGAD00001001459
[2024-07-31 16:41:01 -0600] EGAD00001000128
[2024-07-31 16:41:01 -0600] EGAD00001000007
[2024-07-31 16:41:01 -0600] EGAD00001008092
[2024-07-31 16:41:01 -0600] EGAD00001012223
[2024-07-31 16:41:01 -0600] EGAD00001012102
[2024-07-31 16:41:01 -0600] EGAD00001012222
[2024-07-31 16:41:01 -0600] EGAD00001012101
[2024-07-31 16:41:01 -0600] EGAD00001003884
[2024-07-31 16:41:01 -0600] EGAD00001000253
[2024-07-31 16:41:01 -0600] EGAD00001003883
[2024-07-31 16:41:01 -0600] EGAD00001000255
[2024-07-31 16:41:01 -0600] EGAD00001000013
[2024-07-31 16:41:01 -0600] EGAD00001003885
[2024-07-31 16:41:01 -0600] EGAD00001000014
[2024-07-31 16:41:01 -0600] EGAD00001000130
[2024-07-31 16:41:01 -0600] EGAD00001000252
[2024-07-31 16:41:01 -0600] EGAD00001012231
[2024-07-31 16:41:01 -0600] EGAD00001012230
[2024-07-31 16:41:01 -0600] EGAD00001012233
[2024-07-31 16:41:01 -0600] EGAD00001012232
[2024-07-31 16:41:01 -0600] EGAD00001014788
[2024-07-31 16:41:01 -0600] EGAD00001014789
[2024-07-31 16:41:01 -0600] EGAD00001000264
[2024-07-31 16:41:01 -0600] EGAD00001000143
[2024-07-31 16:41:01 -0600] EGAD00001000265
[2024-07-31 16:41:01 -0600] EGAD00001000144
[2024-07-31 16:41:01 -0600] EGAD00001000266
[2024-07-31 16:41:01 -0600] EGAD00001000145
[2024-07-31 16:41:01 -0600] EGAD00001000388
[2024-07-31 16:41:01 -0600] EGAD00001000267
[2024-07-31 16:41:01 -0600] EGAD00001000142
[2024-07-31 16:41:01 -0600] EGAD00001006929
[2024-07-31 16:41:01 -0600] EGAD00010000488
[2024-07-31 16:41:01 -0600] EGAD00001004867
[2024-07-31 16:41:01 -0600] EGAD00001001357
[2024-07-31 16:41:01 -0600] EGAD00001001236
[2024-07-31 16:41:01 -0600] EGAD00001000389
[2024-07-31 16:41:01 -0600] EGAD00001005958
[2024-07-31 16:41:01 -0600] EGAD00001001237
[2024-07-31 16:41:01 -0600] EGAD00001005955
[2024-07-31 16:41:01 -0600] EGAD00001000149
[2024-07-31 16:41:01 -0600] EGAD00001014787
[2024-07-31 16:41:01 -0600] EGAD00001006932
[2024-07-31 16:41:01 -0600] EGAD00001002696
[2024-07-31 16:41:01 -0600] EGAD00001001122
[2024-07-31 16:41:01 -0600] EGAD00001000154
[2024-07-31 16:41:01 -0600] EGAD00001006933
[2024-07-31 16:41:01 -0600] EGAD00001001123
[2024-07-31 16:41:01 -0600] EGAD00001006930
[2024-07-31 16:41:01 -0600] EGAD00001004876
[2024-07-31 16:41:01 -0600] EGAD00001002698
[2024-07-31 16:41:01 -0600] EGAD00001000392
[2024-07-31 16:41:01 -0600] EGAD00001000273
[2024-07-31 16:41:01 -0600] EGAD00001001242
[2024-07-31 16:41:01 -0600] EGAD00001003309
[2024-07-31 16:41:01 -0600] EGAD00001014790
[2024-07-31 16:41:01 -0600] EGAD00001004999
[2024-07-31 16:41:01 -0600] EGAD00001004878
[2024-07-31 16:41:01 -0600] EGAD00000000053
[2024-07-31 16:41:01 -0600] EGAD00001004877
[2024-07-31 16:41:01 -0600] EGAD00001003425
[2024-07-31 16:41:01 -0600] EGAD00000000052
[2024-07-31 16:41:01 -0600] EGAD00001006934
[2024-07-31 16:41:01 -0600] EGAD00000000055
[2024-07-31 16:41:01 -0600] EGAD00001006935
[2024-07-31 16:41:01 -0600] EGAD00001004879
[2024-07-31 16:41:01 -0600] EGAD00000000054
[2024-07-31 16:41:01 -0600] EGAD00000000051
